Build started 12/17/2017 7:32:39 PM.
     1>Project "C:\Users\Administrator\Downloads\MMT\Socket_WebClient\Socket_WebClient\Socket_WebClient\Socket_WebClient.vcxproj" on node 2 (Build target(s)).
       Project file contains ToolsVersion="15.0". This toolset may be unknown or missing, in which case you may be able to resolve this by installing the appropriate version of MSBuild, or the build may have been forced to a particular ToolsVersion for policy reasons. Treating the project as if it had ToolsVersion="4.0". For more information, please see http://go.microsoft.com/fwlink/?LinkId=291333.
     1>InitializeBuildStatus:
         Creating "Debug\Socket_WebClient.unsuccessfulbuild" because "AlwaysCreate" was specified.
       ClCompile:
         All outputs are up-to-date.
         C:\Program Files (x86)\Microsoft Visual Studio 11.0\VC\bin\CL.exe /c /ZI /nologo /W3 /WX- /sdl /Od /Oy- /D WIN32 /D _DEBUG /D _WINSOCK_DEPRECATED_NO_WARNINGS /D _CONSOLE /D _LIB /D _UNICODE /D UNICODE /D _AFXDLL /Gm /EHsc /RTC1 /MDd /GS /fp:precise /Zc:wchar_t /Zc:forScope /Yu"stdafx.h" /Fp"Debug\Socket_WebClient.pch" /Fo"Debug\\" /Fd"Debug\vc110.pdb" /Gd /TP /analyze- /errorReport:prompt Socket_WebClient.cpp
         Socket_WebClient.cpp
     1>c:\users\administrator\downloads\mmt\socket_webclient\socket_webclient\socket_webclient\socket_webclient.cpp(157): warning C4018: '<' : signed/unsigned mismatch
       ResourceCompile:
         All outputs are up-to-date.
       Link:
         C:\Program Files (x86)\Microsoft Visual Studio 11.0\VC\bin\link.exe /ERRORREPORT:PROMPT /OUT:"C:\Users\Administrator\Downloads\MMT\Socket_WebClient\Socket_WebClient\Debug\Socket_WebClient.exe" /INCREMENTAL /NOLOGO /MANIFEST /MANIFESTUAC:"level='asInvoker' uiAccess='false'" /manifest:embed /manifestinput:"C:\Program Files (x86)\Microsoft Visual Studio 11.0\VC\Include\Manifest\dpiaware.manifest" /DEBUG /PDB:"C:\Users\Administrator\Downloads\MMT\Socket_WebClient\Socket_WebClient\Debug\Socket_WebClient.pdb" /SUBSYSTEM:CONSOLE /TLBID:1 /DYNAMICBASE /NXCOMPAT /IMPLIB:"C:\Users\Administrator\Downloads\MMT\Socket_WebClient\Socket_WebClient\Debug\Socket_WebClient.lib" /MACHINE:X86 Debug\Socket_WebClient.res
         Debug\Socket_WebClient.obj
         Debug\stdafx.obj
         Socket_WebClient.vcxproj -> C:\Users\Administrator\Downloads\MMT\Socket_WebClient\Socket_WebClient\Debug\Socket_WebClient.exe
       FinalizeBuildStatus:
         Deleting file "Debug\Socket_WebClient.unsuccessfulbuild".
         Touching "Debug\Socket_WebClient.lastbuildstate".
     1>Done Building Project "C:\Users\Administrator\Downloads\MMT\Socket_WebClient\Socket_WebClient\Socket_WebClient\Socket_WebClient.vcxproj" (Build target(s)).

Build succeeded.

Time Elapsed 00:00:01.03
