C:\USERS\ADMINISTRATOR\DOWNLOADS\MMT\SOCKET_WEBCLIENT\SOCKET_WEBCLIENT\SOCKET_WEBCLIENT\DEBUG\SOCKET_WEBCLIENT.PCH
C:\USERS\ADMINISTRATOR\DOWNLOADS\MMT\SOCKET_WEBCLIENT\SOCKET_WEBCLIENT\SOCKET_WEBCLIENT\DEBUG\STDAFX.OBJ
C:\USERS\ADMINISTRATOR\DOWNLOADS\MMT\SOCKET_WEBCLIENT\SOCKET_WEBCLIENT\SOCKET_WEBCLIENT\DEBUG\VC110.PDB
C:\USERS\ADMINISTRATOR\DOWNLOADS\MMT\SOCKET_WEBCLIENT\SOCKET_WEBCLIENT\SOCKET_WEBCLIENT\DEBUG\SOCKET_WEBCLIENT.OBJ
C:\USERS\ADMINISTRATOR\DOWNLOADS\MMT\SOCKET_WEBCLIENT\SOCKET_WEBCLIENT\DEBUG\SOCKET_WEBCLIENT.ILK
C:\USERS\ADMINISTRATOR\DOWNLOADS\MMT\SOCKET_WEBCLIENT\SOCKET_WEBCLIENT\DEBUG\SOCKET_WEBCLIENT.EXE
C:\USERS\ADMINISTRATOR\DOWNLOADS\MMT\SOCKET_WEBCLIENT\SOCKET_WEBCLIENT\DEBUG\SOCKET_WEBCLIENT.PDB
C:\USERS\ADMINISTRATOR\DOWNLOADS\MMT\SOCKET_WEBCLIENT\SOCKET_WEBCLIENT\SOCKET_WEBCLIENT\DEBUG\SOCKET_WEBCLIENT.RES
C:\Users\Administrator\Downloads\MMT\Socket_WebClient\Socket_WebClient\Socket_WebClient\Debug\Socket_WebClient.obj
C:\Users\Administrator\Downloads\MMT\Socket_WebClient\Socket_WebClient\Socket_WebClient\Debug\stdafx.obj
C:\Users\Administrator\Downloads\MMT\Socket_WebClient\Socket_WebClient\Socket_WebClient\Debug\cl.command.1.tlog
C:\Users\Administrator\Downloads\MMT\Socket_WebClient\Socket_WebClient\Socket_WebClient\Debug\CL.read.1.tlog
C:\Users\Administrator\Downloads\MMT\Socket_WebClient\Socket_WebClient\Socket_WebClient\Debug\CL.write.1.tlog
C:\Users\Administrator\Downloads\MMT\Socket_WebClient\Socket_WebClient\Socket_WebClient\Debug\link-cvtres.read.1.tlog
C:\Users\Administrator\Downloads\MMT\Socket_WebClient\Socket_WebClient\Socket_WebClient\Debug\link-cvtres.write.1.tlog
C:\Users\Administrator\Downloads\MMT\Socket_WebClient\Socket_WebClient\Socket_WebClient\Debug\link-mt.read.1.tlog
C:\Users\Administrator\Downloads\MMT\Socket_WebClient\Socket_WebClient\Socket_WebClient\Debug\link-mt.write.1.tlog
C:\Users\Administrator\Downloads\MMT\Socket_WebClient\Socket_WebClient\Socket_WebClient\Debug\link-rc.read.1.tlog
C:\Users\Administrator\Downloads\MMT\Socket_WebClient\Socket_WebClient\Socket_WebClient\Debug\link-rc.write.1.tlog
C:\Users\Administrator\Downloads\MMT\Socket_WebClient\Socket_WebClient\Socket_WebClient\Debug\link.command.1.tlog
C:\Users\Administrator\Downloads\MMT\Socket_WebClient\Socket_WebClient\Socket_WebClient\Debug\link.read.1.tlog
C:\Users\Administrator\Downloads\MMT\Socket_WebClient\Socket_WebClient\Socket_WebClient\Debug\link.write.1.tlog
C:\Users\Administrator\Downloads\MMT\Socket_WebClient\Socket_WebClient\Socket_WebClient\Debug\rc.command.1.tlog
C:\Users\Administrator\Downloads\MMT\Socket_WebClient\Socket_WebClient\Socket_WebClient\Debug\rc.read.1.tlog
C:\Users\Administrator\Downloads\MMT\Socket_WebClient\Socket_WebClient\Socket_WebClient\Debug\rc.write.1.tlog
C:\Users\Administrator\Downloads\MMT\Socket_WebClient\Socket_WebClient\Socket_WebClient\Debug\Socket_WebClient.res
C:\Users\Administrator\Downloads\MMT\Socket_WebClient\Socket_WebClient\Socket_WebClient\Debug\Socket_WebClient.pch
C:\Users\Administrator\Downloads\MMT\Socket_WebClient\Socket_WebClient\Socket_WebClient\Debug\vc110.idb
C:\Users\Administrator\Downloads\MMT\Socket_WebClient\Socket_WebClient\Socket_WebClient\Debug\vc110.pdb
C:\Users\Administrator\Downloads\MMT\Socket_WebClient\Socket_WebClient\Debug\Socket_WebClient.pdb
C:\Users\Administrator\Downloads\MMT\Socket_WebClient\Socket_WebClient\Debug\Socket_WebClient.exe
C:\Users\Administrator\Downloads\MMT\Socket_WebClient\Socket_WebClient\Debug\Socket_WebClient.ilk
